Added Component: Designator=8MHZ(XTAL_D)
Added Component: Designator=1117_3.3(SOT-223_WYN)
Added Component: Designator=BM1(JTAG_10to20)
Added Component: Designator=BM2(JTAG_10to20)
Added Component: Designator=BM3(JTAG_10to20)
Added Component: Designator=BM4(JTAG_10to20)
Added Component: Designator=C1_22PF(0603_WYH)
Added Component: Designator=C2_22PF(0603_WYH)
Added Component: Designator=C4_10uf(0805_WYN)
Added Component: Designator=C5_100nf(0603_WYH)
Added Component: Designator=C6_10uf(0805_WYN)
Added Component: Designator=C7_100nf(0603_WYH)
Added Component: Designator=C_CAN_10UF(0805_WYN)
Added Component: Designator=C_CAN_104(0603_WYH)
Added Component: Designator=C_RST_0.1uf(0603_WYH)
Added Component: Designator=CANH_CANL(XH2.45_2P直)
Added Component: Designator=E_BUTTON(自锁开关7*7)
Added Component: Designator=E_HEAD(XH2.45_2P弯)
Added Component: Designator=E_LED(极性0805_WYN)
Added Component: Designator=JTAG(HDR1X5)
Added Component: Designator=LS0_1K(0805_WYN)
Added Component: Designator=LS0(极性0805_WYN)
Added Component: Designator=LS1_1K(0805_WYN)
Added Component: Designator=LS1(极性0805_WYN)
Added Component: Designator=LS2_1K(0805_WYN)
Added Component: Designator=LS2(极性0805_WYN)
Added Component: Designator=M1_2(XH2.45_4P)
Added Component: Designator=M3_4(XH2.45_4P)
Added Component: Designator=P_5_3.3_G(HDR2X3)
Added Component: Designator=R6_120Ω(0805_WYN)
Added Component: Designator=R_HALF1(0805_WYN)
Added Component: Designator=R_HALF2(0805_WYN)
Added Component: Designator=R_LED_4.7K(0805_WYN)
Added Component: Designator=R_RST_10K(0805_WYN)
Added Component: Designator=RST_BUTTON(CLCK)
Added Component: Designator=STM32_1(STM32TSQFP50P1200X1200X160-64N)
Added Component: Designator=TM(HDR1X2)
Added Component: Designator=(LOGO)
Added Component: Designator=USART4(HDR1X3)
Added Component: Designator=VP230(VP230)
Added Pin To Net: NetName=XTAL1 Pin=8MHZ-1
Added Pin To Net: NetName=XTAL2 Pin=8MHZ-2
Added Pin To Net: NetName=GND Pin=1117_3.3-1
Added Pin To Net: NetName=VCC_3.3V Pin=1117_3.3-2
Added Pin To Net: NetName=VCC_5V Pin=1117_3.3-3
Added Pin To Net: NetName=VCC_3.3V Pin=1117_3.3-4
Added Pin To Net: NetName=GND Pin=BM1-2
Added Pin To Net: NetName=VCC_5V Pin=BM1-10
Added Pin To Net: NetName=GND Pin=BM2-2
Added Pin To Net: NetName=VCC_5V Pin=BM2-10
Added Pin To Net: NetName=GND Pin=BM3-2
Added Pin To Net: NetName=VCC_5V Pin=BM3-10
Added Pin To Net: NetName=GND Pin=BM4-2
Added Pin To Net: NetName=VCC_5V Pin=BM4-10
Added Pin To Net: NetName=GND Pin=C1_22PF-1
Added Pin To Net: NetName=XTAL1 Pin=C1_22PF-2
Added Pin To Net: NetName=GND Pin=C2_22PF-1
Added Pin To Net: NetName=XTAL2 Pin=C2_22PF-2
Added Pin To Net: NetName=VCC_3.3V Pin=C4_10uf-1
Added Pin To Net: NetName=GND Pin=C4_10uf-2
Added Pin To Net: NetName=VCC_3.3V Pin=C5_100nf-1
Added Pin To Net: NetName=GND Pin=C5_100nf-2
Added Pin To Net: NetName=VCC_5V Pin=C6_10uf-1
Added Pin To Net: NetName=GND Pin=C6_10uf-2
Added Pin To Net: NetName=VCC_5V Pin=C7_100nf-1
Added Pin To Net: NetName=GND Pin=C7_100nf-2
Added Pin To Net: NetName=GND Pin=C_CAN_10UF-1
Added Pin To Net: NetName=VCC_3.3V Pin=C_CAN_10UF-2
Added Pin To Net: NetName=GND Pin=C_CAN_104-1
Added Pin To Net: NetName=VCC_3.3V Pin=C_CAN_104-2
Added Pin To Net: NetName=RESET Pin=C_RST_0.1uf-1
Added Pin To Net: NetName=GND Pin=C_RST_0.1uf-2
Added Pin To Net: NetName=CANH Pin=CANH_CANL-1
Added Pin To Net: NetName=CANL Pin=CANH_CANL-2
Added Pin To Net: NetName=GND_E Pin=E_BUTTON-1
Added Pin To Net: NetName=GND Pin=E_BUTTON-3
Added Pin To Net: NetName=VCC_5V Pin=E_BUTTON-4
Added Pin To Net: NetName=VCC_E Pin=E_BUTTON-6
Added Pin To Net: NetName=VCC_E Pin=E_HEAD-1
Added Pin To Net: NetName=GND_E Pin=E_HEAD-2
Added Pin To Net: NetName=NetE_LED_1 Pin=E_LED-1
Added Pin To Net: NetName=GND Pin=E_LED-2
Added Pin To Net: NetName=VCC_3.3V Pin=JTAG-1
Added Pin To Net: NetName=GND Pin=JTAG-4
Added Pin To Net: NetName=NetLS0_1 Pin=LS0-1
Added Pin To Net: NetName=GND Pin=LS0-2
Added Pin To Net: NetName=NetLS0_1 Pin=LS0_1K-2
Added Pin To Net: NetName=NetLS1_1 Pin=LS1-1
Added Pin To Net: NetName=GND Pin=LS1-2
Added Pin To Net: NetName=NetLS1_1 Pin=LS1_1K-2
Added Pin To Net: NetName=NetLS2_1 Pin=LS2-1
Added Pin To Net: NetName=GND Pin=LS2-2
Added Pin To Net: NetName=NetLS2_1 Pin=LS2_1K-2
Added Pin To Net: NetName=VCC_5V Pin=P_5_3.3_G-1
Added Pin To Net: NetName=GND Pin=P_5_3.3_G-2
Added Pin To Net: NetName=VCC_3.3V Pin=P_5_3.3_G-3
Added Pin To Net: NetName=GND Pin=P_5_3.3_G-4
Added Pin To Net: NetName=VCC_3.3V Pin=P_5_3.3_G-5
Added Pin To Net: NetName=GND Pin=P_5_3.3_G-6
Added Pin To Net: NetName=NetR6_120Ω_1 Pin=R6_120Ω-1
Added Pin To Net: NetName=CANH Pin=R6_120Ω-2
Added Pin To Net: NetName=VCC_3.3V Pin=R_HALF1-1
Added Pin To Net: NetName=NetR_HALF1_2 Pin=R_HALF1-2
Added Pin To Net: NetName=GND Pin=R_HALF2-1
Added Pin To Net: NetName=NetR_HALF1_2 Pin=R_HALF2-2
Added Pin To Net: NetName=NetE_LED_1 Pin=R_LED_4.7K-1
Added Pin To Net: NetName=VCC_3.3V Pin=R_LED_4.7K-2
Added Pin To Net: NetName=VCC_3.3V Pin=R_RST_10K-1
Added Pin To Net: NetName=RESET Pin=R_RST_10K-2
Added Pin To Net: NetName=RESET Pin=RST_BUTTON-1
Added Pin To Net: NetName=GND Pin=RST_BUTTON-2
Added Pin To Net: NetName=VCC_3.3V Pin=STM32_1-1
Added Pin To Net: NetName=VCC_3.3V Pin=STM32_1-13
Added Pin To Net: NetName=GND Pin=STM32_1-18
Added Pin To Net: NetName=VCC_3.3V Pin=STM32_1-19
Added Pin To Net: NetName=GND Pin=STM32_1-28
Added Pin To Net: NetName=GND Pin=STM32_1-31
Added Pin To Net: NetName=VCC_3.3V Pin=STM32_1-32
Added Pin To Net: NetName=M1_PA9 Pin=STM32_1-42
Added Pin To Net: NetName=M2_PA10 Pin=STM32_1-43
Added Pin To Net: NetName=GND Pin=STM32_1-47
Added Pin To Net: NetName=VCC_3.3V Pin=STM32_1-48
Added Pin To Net: NetName=B1_PB3 Pin=STM32_1-55
Added Pin To Net: NetName=GND Pin=STM32_1-63
Added Pin To Net: NetName=VCC_3.3V Pin=STM32_1-64
Added Pin To Net: NetName=NetR6_120Ω_1 Pin=TM-1
Added Pin To Net: NetName=CANL Pin=TM-2
Added Pin To Net: NetName=GND Pin=USART4-3
Added Pin To Net: NetName=GND Pin=VP230-2
Added Pin To Net: NetName=VCC_3.3V Pin=VP230-3
Added Pin To Net: NetName=NetR_HALF1_2 Pin=VP230-5
Added Pin To Net: NetName=CANL Pin=VP230-6
Added Pin To Net: NetName=CANH Pin=VP230-7
Added Pin To Net: NetName=GND Pin=VP230-8
Added Member To Class: ClassName=STM32电机 Member=Component 8MHZ XTAL
Added Member To Class: ClassName=STM32电机 Member=Component 1117_3.3 1117_WYN
Added Member To Class: ClassName=STM32电机 Member=Component BM1 2*5BM
Added Member To Class: ClassName=STM32电机 Member=Component BM2 2*5BM
Added Member To Class: ClassName=STM32电机 Member=Component BM3 2*5BM
Added Member To Class: ClassName=STM32电机 Member=Component BM4 2*5BM
Added Member To Class: ClassName=STM32电机 Member=Component C1_22PF 22pf
Added Member To Class: ClassName=STM32电机 Member=Component C2_22PF 22pf
Added Member To Class: ClassName=STM32电机 Member=Component C4_10uf C_10uf
Added Member To Class: ClassName=STM32电机 Member=Component C5_100nf C_100nf
Added Member To Class: ClassName=STM32电机 Member=Component C6_10uf C_10uf
Added Member To Class: ClassName=STM32电机 Member=Component C7_100nf C_100nf
Added Member To Class: ClassName=STM32电机 Member=Component C_CAN_10UF 10uf
Added Member To Class: ClassName=STM32电机 Member=Component C_CAN_104 104
Added Member To Class: ClassName=STM32电机 Member=Component C_RST_0.1uf 0.1uf
Added Member To Class: ClassName=STM32电机 Member=Component CANH_CANL CAN_HEADER
Added Member To Class: ClassName=STM32电机 Member=Component E_BUTTON 自锁开关7*7
Added Member To Class: ClassName=STM32电机 Member=Component E_HEAD Header2
Added Member To Class: ClassName=STM32电机 Member=Component E_LED LED_WYN
Added Member To Class: ClassName=STM32电机 Member=Component JTAG 2_JTAG
Added Member To Class: ClassName=STM32电机 Member=Component LS0_1K 1K
Added Member To Class: ClassName=STM32电机 Member=Component LS0 LED_WYN
Added Member To Class: ClassName=STM32电机 Member=Component LS1_1K 1K
Added Member To Class: ClassName=STM32电机 Member=Component LS1 LED_WYN
Added Member To Class: ClassName=STM32电机 Member=Component LS2_1K 1K
Added Member To Class: ClassName=STM32电机 Member=Component LS2 LED_WYN
Added Member To Class: ClassName=STM32电机 Member=Component M1_2 HT4_1
Added Member To Class: ClassName=STM32电机 Member=Component M3_4 HT4_1
Added Member To Class: ClassName=STM32电机 Member=Component P_5_3.3_G Header 3X2
Added Member To Class: ClassName=STM32电机 Member=Component R6_120Ω 120
Added Member To Class: ClassName=STM32电机 Member=Component R_HALF1 1K
Added Member To Class: ClassName=STM32电机 Member=Component R_HALF2 1K
Added Member To Class: ClassName=STM32电机 Member=Component R_LED_4.7K 4.7K
Added Member To Class: ClassName=STM32电机 Member=Component R_RST_10K 10K
Added Member To Class: ClassName=STM32电机 Member=Component RST_BUTTON
Added Member To Class: ClassName=STM32电机 Member=Component STM32_1 STM32_F103
Added Member To Class: ClassName=STM32电机 Member=Component TM Header2
Added Member To Class: ClassName=STM32电机 Member=Component  LOGO
Added Member To Class: ClassName=STM32电机 Member=Component USART4 三针串口
Added Member To Class: ClassName=STM32电机 Member=Component VP230
Added Room: Name=STM32电机
