Removed Pin From Net: NetName=LS2 Pin=STM32_1-34
Removed Pin From Net: NetName=LS1 Pin=STM32_1-35
Removed Pin From Net: NetName=LS0 Pin=STM32_1-36
Added Pin To Net: NetName=RESET Pin=JTAG-5
Added Pin To Net: NetName=LS0 Pin=STM32_1-27
Added Pin To Net: NetName=LS1 Pin=STM32_1-29
Added Pin To Net: NetName=LS2 Pin=STM32_1-30
Added Member To Class: ClassName=STM32电机 Member=Component 8MHZ XTAL
Added Member To Class: ClassName=STM32电机 Member=Component 1117_3.3 1117_WYN
Added Member To Class: ClassName=STM32电机 Member=Component BM1 2*5BM
Added Member To Class: ClassName=STM32电机 Member=Component BM2 2*5BM
Added Member To Class: ClassName=STM32电机 Member=Component BM3 2*5BM
Added Member To Class: ClassName=STM32电机 Member=Component BM4 2*5BM
Added Member To Class: ClassName=STM32电机 Member=Component C1_22PF 22pf
Added Member To Class: ClassName=STM32电机 Member=Component C1_100nf 100nf
Added Member To Class: ClassName=STM32电机 Member=Component C2_22PF 22pf
Added Member To Class: ClassName=STM32电机 Member=Component C2_100nf 100nf
Added Member To Class: ClassName=STM32电机 Member=Component C3_100nf 100nf
Added Member To Class: ClassName=STM32电机 Member=Component C4_10uf C_10uf
Added Member To Class: ClassName=STM32电机 Member=Component C4_100nf 100nf
Added Member To Class: ClassName=STM32电机 Member=Component C5_100nf C_100nf
Added Member To Class: ClassName=STM32电机 Member=Component C6_10uf C_10uf
Added Member To Class: ClassName=STM32电机 Member=Component C7_100nf C_100nf
Added Member To Class: ClassName=STM32电机 Member=Component C_CAN_10nF 10nF
Added Member To Class: ClassName=STM32电机 Member=Component C_CAN_10UF 10uf
Added Member To Class: ClassName=STM32电机 Member=Component C_RST_0.1uf 0.1uf
Added Member To Class: ClassName=STM32电机 Member=Component CANH_CANL CAN_HEADER
Added Member To Class: ClassName=STM32电机 Member=Component E_BUTTON 自锁开关7*7
Added Member To Class: ClassName=STM32电机 Member=Component E_HEAD Header2
Added Member To Class: ClassName=STM32电机 Member=Component E_LED LED_WYN
Added Member To Class: ClassName=STM32电机 Member=Component JTAG 2_JTAG
Added Member To Class: ClassName=STM32电机 Member=Component LS0_1K 1K
Added Member To Class: ClassName=STM32电机 Member=Component LS0 LED_WYN
Added Member To Class: ClassName=STM32电机 Member=Component LS1_1K 1K
Added Member To Class: ClassName=STM32电机 Member=Component LS1 LED_WYN
Added Member To Class: ClassName=STM32电机 Member=Component LS2_1K 1K
Added Member To Class: ClassName=STM32电机 Member=Component LS2 LED_WYN
Added Member To Class: ClassName=STM32电机 Member=Component M1_2 HT4_1
Added Member To Class: ClassName=STM32电机 Member=Component M3_4 HT4_1
Added Member To Class: ClassName=STM32电机 Member=Component R6_120Ω 120
Added Member To Class: ClassName=STM32电机 Member=Component R_HALF1 1K
Added Member To Class: ClassName=STM32电机 Member=Component R_HALF2 1K
Added Member To Class: ClassName=STM32电机 Member=Component R_LED_4.7K 4.7K
Added Member To Class: ClassName=STM32电机 Member=Component R_RST_10K 10K
Added Member To Class: ClassName=STM32电机 Member=Component RST_BUTTON
Added Member To Class: ClassName=STM32电机 Member=Component STM32_1 STM32_F103
Added Member To Class: ClassName=STM32电机 Member=Component TM Header2
Added Member To Class: ClassName=STM32电机 Member=Component  LOGO
Added Member To Class: ClassName=STM32电机 Member=Component VDDA_10uf 10uf
Added Member To Class: ClassName=STM32电机 Member=Component VP230
Added Room: Name=STM32电机
