Remove Pin=BM1-7 From Net=B1_PA15
Remove Pin=BM1-8 From Net=B1_PB3
Remove Pin=BM2-7 From Net=B3_PB6
Remove Pin=BM2-8 From Net=B3_PB7
Remove Pin=BM3-7 From Net=B2_PA6
Remove Pin=BM3-8 From Net=B2_PA7
Remove Pin=BM4-7 From Net=B4_PA0
Remove Pin=BM4-8 From Net=B4_PA1
Remove Pin=JTAG-2 From Net=JTMS
Remove Pin=JTAG-3 From Net=JTCK
Remove Pin=JTAG-5 From Net=RESET
Remove Pin=LS0_1K-1 From Net=LS0
Remove Pin=LS1_1K-1 From Net=LS1
Remove Pin=LS2_1K-1 From Net=LS2
Remove Pin=M1_2-1 From Net=M1_PA8
Remove Pin=M1_2-2 From Net=M1_PA9
Remove Pin=M1_2-3 From Net=M2_PA10
Remove Pin=M1_2-4 From Net=M2_PA11
Remove Pin=M3_4-1 From Net=M3_PC6
Remove Pin=M3_4-2 From Net=M3_PC7
Remove Pin=M3_4-3 From Net=M4_PC8
Remove Pin=M3_4-4 From Net=M4_PC9
Remove Pin=STM32_1-5 From Net=XTAL1
Remove Pin=STM32_1-6 From Net=XTAL2
Remove Pin=STM32_1-7 From Net=RESET
Remove Pin=STM32_1-14 From Net=B4_PA0
Remove Pin=STM32_1-15 From Net=B4_PA1
Remove Pin=STM32_1-22 From Net=B2_PA6
Remove Pin=STM32_1-23 From Net=B2_PA7
Remove Pin=STM32_1-34 From Net=LS2
Remove Pin=STM32_1-35 From Net=LS1
Remove Pin=STM32_1-36 From Net=LS0
Remove Pin=STM32_1-37 From Net=M3_PC6
Remove Pin=STM32_1-38 From Net=M3_PC7
Remove Pin=STM32_1-39 From Net=M4_PC8
Remove Pin=STM32_1-40 From Net=M4_PC9
Remove Pin=STM32_1-41 From Net=M1_PA8
Remove Pin=STM32_1-44 From Net=M2_PA11
Remove Pin=STM32_1-46 From Net=JTMS
Remove Pin=STM32_1-49 From Net=JTCK
Remove Pin=STM32_1-50 From Net=B1_PA15
Remove Pin=STM32_1-51 From Net=U4_TX
Remove Pin=STM32_1-52 From Net=U4_RX
Remove Pin=STM32_1-56 From Net=JTRST
Remove Pin=STM32_1-58 From Net=B3_PB6
Remove Pin=STM32_1-59 From Net=B3_PB7
Remove Pin=STM32_1-61 From Net=CANRX
Remove Pin=STM32_1-62 From Net=CANTX
Remove Pin=USART4-1 From Net=U4_RX
Remove Pin=USART4-2 From Net=U4_TX
Remove Pin=VP230-1 From Net=CANTX
Remove Pin=VP230-4 From Net=CANRX
