Removed Pin From Net: NetName=VCC_3.3V Pin=SWD-1
Removed Pin From Net: NetName=JTMS Pin=SWD-2
Removed Pin From Net: NetName=JTCK Pin=SWD-3
Removed Pin From Net: NetName=GND Pin=SWD-4
Change Component DesignItemId : Designator=CANR1 Old DesignItemId= New DesignItemId=R
Change Component DesignItemId : Designator=CANR2 Old DesignItemId= New DesignItemId=R
Change Component DesignItemId : Designator=M1-M2 Old DesignItemId=2*5BM New DesignItemId=电机接口
Change Component DesignItemId : Designator=M3-M4 Old DesignItemId=2*5BM New DesignItemId=电机接口
Change Component Footprint: Designator=U2 Old Footprint=HDR1X2 New Footprint=HDR1X3
Change Component Library : Designator=CANR1 Old Library= New Library=战舰STM32开发板底板封装库.IntLib
Change Component Library : Designator=CANR2 Old Library= New Library=战舰STM32开发板底板封装库.IntLib
Added Component: Designator=JTAG(2_JTAG)
Added Component: Designator=(LOGO)
Added Pin To Net: NetName=VCC_3.3V Pin=JTAG-1
Added Pin To Net: NetName=JTMS Pin=JTAG-2
Added Pin To Net: NetName=JTCK Pin=JTAG-3
Added Pin To Net: NetName=GND Pin=JTAG-4
Added Pin To Net: NetName=GND Pin=U2-3
Change Net Name : Old Net Name=CAN_R New Net Name=NetCANR1_1
Change Net Name : Old Net Name=NetLS0_1 New Net Name=NetL0_1
Change Net Name : Old Net Name=NetLS1_1 New Net Name=NetL1_1
Change Net Name : Old Net Name=NetLS2_1 New Net Name=NetL2_1
Added Member To Class: ClassName=STM32电机 Member=Component CANR1 1k
Added Member To Class: ClassName=STM32电机 Member=Component CANR2 1k
Added Member To Class: ClassName=STM32电机 Member=Component JTAG 2_JTAG
Added Member To Class: ClassName=STM32电机 Member=Component M1-M2
Added Member To Class: ClassName=STM32电机 Member=Component M3-M4
Added Member To Class: ClassName=STM32电机 Member=Component  LOGO
Added Member To Class: ClassName=STM32电机 Member=Component U2 三针串口
Added Member To Class: ClassName=STM32电机 Member=Component VDD3 10uf
Added Member To Class: ClassName=STM32电机 Member=Component VDDA1 10uf
Added Member To Class: ClassName=STM32电机 Member=Component VDDA2 100nf
Added Member To Class: ClassName=STM32电机 Member=Component VP230
