Change Component Designator: Old Designator= New Designator=6
Change Component Designator: Old Designator=8MHZ New Designator=5
Change Component Designator: Old Designator=1117_3.3 New Designator=4
Change Component Designator: Old Designator=BM1 New Designator=BM3
Change Component Designator: Old Designator=BM2 New Designator=BM5
Change Component Designator: Old Designator=BM3 New Designator=BM6
Change Component Designator: Old Designator=C21_22PF New Designator=C11
Change Component Designator: Old Designator=C22_22PF New Designator=C12
Change Component Designator: Old Designator=C24_10uf New Designator=C8
Change Component Designator: Old Designator=C25_100nf New Designator=C7
Change Component Designator: Old Designator=C26_10uf New Designator=C10
Change Component Designator: Old Designator=C27_100nf New Designator=C9
Change Component Designator: Old Designator=C_CAN2_10nF New Designator=C_CAN4
Change Component Designator: Old Designator=C_CAN2_10uF New Designator=C_CAN3
Change Component Designator: Old Designator=C_RST2_0.1uf New Designator=C_RST2
Change Component Designator: Old Designator=CANH_CANL21 New Designator=CANH_CANL3
Change Component Designator: Old Designator=CANH_CANL22 New Designator=CANH_CANL4
Change Component Designator: Old Designator=CANR21 New Designator=CANR3
Change Component Designator: Old Designator=CANR22 New Designator=CANR4
Change Component Designator: Old Designator=E_HEAD2 New Designator=E_HEAD1
Change Component Designator: Old Designator=L20 New Designator=L4
Change Component Designator: Old Designator=L21 New Designator=L5
Change Component Designator: Old Designator=L22 New Designator=L6
Change Component Designator: Old Designator=LS20_1K New Designator=LS4
Change Component Designator: Old Designator=LS21_1K New Designator=LS5
Change Component Designator: Old Designator=LS22_1K New Designator=LS6
Change Component Designator: Old Designator=M1-M2 New Designator=M2
Change Component Designator: Old Designator=M3-M4 New Designator=M3
Change Component Designator: Old Designator=R26_120 New Designator=R2
Change Component Designator: Old Designator=R_LED2_4.7K New Designator=R_LED2
Change Component Designator: Old Designator=R_RST2_10K New Designator=R_RST2
Change Component Designator: Old Designator=STM32_1 New Designator=STM2
Change Component Designator: Old Designator=U22 New Designator=U3
Change Component Designator: Old Designator=U23 New Designator=U4
Change Component Designator: Old Designator=VDD21 New Designator=VDD5
Change Component Designator: Old Designator=VDD22 New Designator=VDD6
Change Component Designator: Old Designator=VDD23 New Designator=VDD7
Change Component Designator: Old Designator=VDD24 New Designator=VDD8
Change Component Designator: Old Designator=VDDA21 New Designator=VDDA4
Change Component Designator: Old Designator=VDDA22 New Designator=VDDA3
Change Component Designator: Old Designator=VP230_2 New Designator=VP2
