Change Component Designator: Old Designator= New Designator=3
Change Component Designator: Old Designator=8MHZ New Designator=2
Change Component Designator: Old Designator=1117_3.3 New Designator=1
Change Component Designator: Old Designator=BM5 New Designator=BM1
Change Component Designator: Old Designator=BM6 New Designator=BM2
Change Component Designator: Old Designator=C11_22PF New Designator=C5
Change Component Designator: Old Designator=C12_22PF New Designator=C6
Change Component Designator: Old Designator=C14_10uf New Designator=C2
Change Component Designator: Old Designator=C15_100nf New Designator=C1
Change Component Designator: Old Designator=C16_10uf New Designator=C4
Change Component Designator: Old Designator=C17_100nf New Designator=C3
Change Component Designator: Old Designator=C_CAN1_10nF New Designator=C_CAN2
Change Component Designator: Old Designator=C_CAN1_10uF New Designator=C_CAN1
Change Component Designator: Old Designator=C_RST1_0.1uf New Designator=C_RST1
Change Component Designator: Old Designator=CANH_CANL11 New Designator=CANH_CANL1
Change Component Designator: Old Designator=CANH_CANL12 New Designator=CANH_CANL2
Change Component Designator: Old Designator=CANR11 New Designator=CANR1
Change Component Designator: Old Designator=CANR12 New Designator=CANR2
Change Component Designator: Old Designator=E1_HEAD1 New Designator=E1
Change Component Designator: Old Designator=L0 New Designator=L1
Change Component Designator: Old Designator=L1 New Designator=L2
Change Component Designator: Old Designator=L2 New Designator=L3
Change Component Designator: Old Designator=LS0_1K New Designator=LS1
Change Component Designator: Old Designator=LS1_1K New Designator=LS2
Change Component Designator: Old Designator=LS2_1K New Designator=LS3
Change Component Designator: Old Designator=M5-M6 New Designator=M1
Change Component Designator: Old Designator=R16_120 New Designator=R1
Change Component Designator: Old Designator=R_LED1_4.7K New Designator=R_LED1
Change Component Designator: Old Designator=R_RST1_10K New Designator=R_RST1
Change Component Designator: Old Designator=STM32_1 New Designator=STM1
Change Component Designator: Old Designator=SWD2 New Designator=SWD1
Change Component Designator: Old Designator=U22 New Designator=U1
Change Component Designator: Old Designator=U23 New Designator=U2
Change Component Designator: Old Designator=VDD11 New Designator=VDD1
Change Component Designator: Old Designator=VDD12 New Designator=VDD2
Change Component Designator: Old Designator=VDD13 New Designator=VDD3
Change Component Designator: Old Designator=VDD14 New Designator=VDD4
Change Component Designator: Old Designator=VDDA11 New Designator=VDDA2
Change Component Designator: Old Designator=VDDA12 New Designator=VDDA1
Change Component Designator: Old Designator=VP230_1 New Designator=VP1
